mode: set
constraint/api.go:7.74,9.2 1 1
constraint/api.go:12.58,14.2 1 1
constraint/api.go:17.64,19.2 1 1
constraint/constraint_utils.go:11.43,13.40 2 1
constraint/constraint_utils.go:13.40,15.3 1 1
constraint/constraint_utils.go:18.2,18.49 1 1
constraint/constraint_utils.go:18.49,19.53 1 1
constraint/constraint_utils.go:19.53,20.40 1 1
constraint/constraint_utils.go:20.40,22.5 1 1
constraint/constraint_utils.go:26.2,26.12 1 1
constraint/constraint_utils.go:30.71,31.40 1 1
constraint/constraint_utils.go:31.40,32.31 1 1
constraint/constraint_utils.go:32.31,34.4 1 1
constraint/constraint_utils.go:36.2,36.58 1 0
constraint/constraint_utils.go:40.95,41.49 1 1
constraint/constraint_utils.go:41.49,43.3 1 0
constraint/constraint_utils.go:46.2,47.78 2 1
constraint/constraint_utils.go:47.78,48.42 1 1
constraint/constraint_utils.go:48.42,50.9 2 1
constraint/constraint_utils.go:54.2,54.22 1 1
constraint/constraint_utils.go:54.22,56.3 1 0
constraint/constraint_utils.go:59.2,60.16 2 1
constraint/constraint_utils.go:60.16,62.3 1 0
constraint/constraint_utils.go:64.2,64.31 1 1
constraint/constraint_utils.go:64.31,65.38 1 1
constraint/constraint_utils.go:65.38,67.4 1 1
constraint/constraint_utils.go:70.2,70.90 1 1
constraint/constraint_utils.go:74.80,75.49 1 1
constraint/constraint_utils.go:75.49,77.3 1 0
constraint/constraint_utils.go:79.2,83.52 3 1
constraint/constraint_utils.go:83.52,85.3 1 1
constraint/constraint_utils.go:88.2,88.38 1 1
constraint/constraint_utils.go:88.38,89.26 1 1
constraint/constraint_utils.go:89.26,91.4 1 0
constraint/constraint_utils.go:94.2,94.12 1 1
constraint/constraint_utils.go:98.102,99.49 1 1
constraint/constraint_utils.go:99.49,101.3 1 0
constraint/constraint_utils.go:104.2,105.78 2 1
constraint/constraint_utils.go:105.78,106.30 1 1
constraint/constraint_utils.go:106.30,108.9 2 1
constraint/constraint_utils.go:112.2,112.22 1 1
constraint/constraint_utils.go:112.22,114.3 1 0
constraint/constraint_utils.go:117.2,118.16 2 1
constraint/constraint_utils.go:118.16,120.3 1 0
constraint/constraint_utils.go:122.2,122.27 1 1
constraint/constraint_utils.go:122.27,123.22 1 1
constraint/constraint_utils.go:123.22,125.4 1 1
constraint/constraint_utils.go:128.2,128.82 1 0
constraint/constraint_utils.go:132.45,133.27 1 1
constraint/constraint_utils.go:134.30,136.10 2 1
constraint/constraint_utils.go:136.10,138.4 1 0
constraint/constraint_utils.go:139.3,139.20 1 1
constraint/constraint_utils.go:140.17,141.19 1 1
constraint/constraint_utils.go:142.17,143.19 1 0
constraint/constraint_utils.go:144.18,145.17 1 0
constraint/constraint_utils.go:146.19,149.10 2 1
constraint/constraint_utils.go:149.10,150.17 1 1
constraint/constraint_utils.go:151.26,152.19 1 1
constraint/constraint_utils.go:155.4,155.21 1 0
constraint/constraint_utils.go:158.2,158.18 1 1
constraint/constraint_utils.go:162.100,163.32 1 1
constraint/constraint_utils.go:164.30,166.10 2 1
constraint/constraint_utils.go:166.10,168.4 1 0
constraint/constraint_utils.go:170.3,170.25 1 1
constraint/constraint_utils.go:171.21,175.35 3 1
constraint/constraint_utils.go:175.35,180.57 3 1
constraint/constraint_utils.go:180.57,181.42 1 1
constraint/constraint_utils.go:181.42,185.21 4 1
constraint/constraint_utils.go:185.21,187.8 1 0
constraint/constraint_utils.go:188.12,190.7 1 1
constraint/constraint_utils.go:194.5,194.59 1 1
constraint/constraint_utils.go:194.59,195.43 1 1
constraint/constraint_utils.go:195.43,199.21 4 1
constraint/constraint_utils.go:199.21,201.8 1 0
constraint/constraint_utils.go:202.12,204.7 1 1
constraint/constraint_utils.go:205.11,207.6 1 0
constraint/constraint_utils.go:210.5,210.83 1 1
constraint/constraint_utils.go:210.83,211.31 1 1
constraint/constraint_utils.go:211.31,213.7 1 1
constraint/constraint_utils.go:218.4,218.19 1 1
constraint/constraint_utils.go:218.19,219.85 1 1
constraint/constraint_utils.go:219.85,221.6 1 0
constraint/constraint_utils.go:223.4,223.20 1 1
constraint/constraint_utils.go:223.20,224.86 1 1
constraint/constraint_utils.go:224.86,226.6 1 0
constraint/constraint_utils.go:229.22,230.38 1 1
constraint/constraint_utils.go:230.38,231.85 1 1
constraint/constraint_utils.go:231.85,233.6 1 1
constraint/constraint_utils.go:235.4,235.61 1 1
constraint/constraint_utils.go:235.61,236.35 1 1
constraint/constraint_utils.go:236.35,237.54 1 1
constraint/constraint_utils.go:237.54,238.48 1 1
constraint/constraint_utils.go:238.48,239.89 1 1
constraint/constraint_utils.go:239.89,241.9 1 0
constraint/constraint_utils.go:247.19,248.38 1 1
constraint/constraint_utils.go:248.38,249.85 1 1
constraint/constraint_utils.go:249.85,251.6 1 0
constraint/constraint_utils.go:253.4,253.41 1 1
constraint/constraint_utils.go:253.41,254.86 1 1
constraint/constraint_utils.go:254.86,256.6 1 0
constraint/constraint_utils.go:260.2,260.12 1 1
constraint/constraint_utils.go:264.104,265.32 1 1
constraint/constraint_utils.go:266.30,268.10 2 1
constraint/constraint_utils.go:268.10,270.4 1 0
constraint/constraint_utils.go:272.3,272.25 1 1
constraint/constraint_utils.go:273.22,276.24 3 1
constraint/constraint_utils.go:276.24,283.5 2 1
constraint/constraint_utils.go:284.21,285.38 1 1
constraint/constraint_utils.go:285.38,286.89 1 1
constraint/constraint_utils.go:286.89,288.6 1 1
constraint/constraint_utils.go:290.4,290.41 1 1
constraint/constraint_utils.go:290.41,291.90 1 1
constraint/constraint_utils.go:291.90,293.6 1 0
constraint/constraint_utils.go:295.22,296.38 1 1
constraint/constraint_utils.go:296.38,297.89 1 1
constraint/constraint_utils.go:297.89,299.6 1 1
constraint/constraint_utils.go:301.4,301.61 1 1
constraint/constraint_utils.go:301.61,302.35 1 1
constraint/constraint_utils.go:302.35,303.54 1 1
constraint/constraint_utils.go:303.54,304.48 1 1
constraint/constraint_utils.go:304.48,305.93 1 1
constraint/constraint_utils.go:305.93,307.9 1 0
constraint/constraint_utils.go:312.19,313.38 1 1
constraint/constraint_utils.go:313.38,314.89 1 1
constraint/constraint_utils.go:314.89,316.6 1 0
constraint/constraint_utils.go:318.4,318.41 1 1
constraint/constraint_utils.go:318.41,319.90 1 1
constraint/constraint_utils.go:319.90,321.6 1 0
constraint/constraint_utils.go:325.2,325.12 1 1
constraint/constraint_utils.go:329.48,332.16 2 1
constraint/constraint_utils.go:332.16,334.3 1 0
constraint/constraint_utils.go:336.2,338.16 3 1
constraint/constraint_utils.go:338.16,340.3 1 0
constraint/constraint_utils.go:343.2,344.16 2 1
constraint/constraint_utils.go:344.16,346.3 1 1
constraint/constraint_utils.go:349.2,349.49 1 1
constraint/constraint_utils.go:349.49,350.36 1 1
constraint/constraint_utils.go:350.36,352.18 2 1
constraint/constraint_utils.go:352.18,354.5 1 1
constraint/constraint_utils.go:359.2,359.49 1 1
constraint/constraint_utils.go:359.49,360.36 1 1
constraint/constraint_utils.go:360.36,362.18 2 1
constraint/constraint_utils.go:362.18,364.5 1 1
constraint/constraint_utils.go:369.2,369.49 1 1
constraint/constraint_utils.go:369.49,370.31 1 1
constraint/constraint_utils.go:370.31,372.18 2 1
constraint/constraint_utils.go:372.18,374.5 1 0
constraint/constraint_utils.go:378.2,379.12 2 1
constraint/parser.go:1509.59,1514.2 1 1
constraint/parser.go:1516.46,1520.2 3 1
constraint/parser.go:1522.67,1524.17 2 1
constraint/parser.go:1524.17,1525.45 1 1
constraint/parser.go:1525.45,1527.4 1 1
constraint/parser.go:1529.2,1529.25 1 1
constraint/parser.go:1532.55,1536.2 3 1
constraint/parser.go:1538.68,1544.2 1 1
constraint/parser.go:1546.55,1550.2 3 1
constraint/parser.go:1552.62,1554.17 2 1
constraint/parser.go:1554.17,1555.45 1 1
constraint/parser.go:1555.45,1557.4 1 1
constraint/parser.go:1559.2,1559.20 1 1
constraint/parser.go:1562.50,1566.2 3 1
constraint/parser.go:1568.62,1573.2 1 1
constraint/parser.go:1575.46,1579.2 3 1
constraint/parser.go:1581.48,1583.2 1 1
constraint/parser.go:1585.51,1589.2 3 1
constraint/parser.go:1591.48,1593.2 1 1
constraint/parser.go:1595.51,1599.2 3 1
constraint/parser.go:1601.48,1603.2 1 1
constraint/parser.go:1605.51,1609.2 3 1
constraint/parser.go:1611.76,1617.19 2 1
constraint/parser.go:1617.19,1619.3 1 1
constraint/parser.go:1620.2,1620.18 1 1
constraint/parser.go:1623.51,1627.2 3 1
constraint/parser.go:1629.54,1634.2 1 1
constraint/parser.go:1636.44,1640.2 3 1
constraint/parser.go:1642.70,1644.17 2 1
constraint/parser.go:1644.17,1645.45 1 1
constraint/parser.go:1645.45,1647.4 1 1
constraint/parser.go:1649.2,1649.23 1 1
constraint/parser.go:1652.58,1656.2 3 1
constraint/parser.go:1658.69,1664.2 1 1
constraint/parser.go:1666.54,1670.2 3 1
constraint/parser.go:1672.64,1673.51 1 1
constraint/parser.go:1673.51,1675.3 1 1
constraint/parser.go:1677.2,1678.44 2 1
constraint/parser.go:1678.44,1685.3 3 1
constraint/parser.go:1687.2,1691.8 1 1
constraint/parser.go:1694.52,1698.2 3 1
constraint/parser.go:1700.56,1702.2 1 1
constraint/parser.go:1704.51,1708.2 3 1
constraint/parser.go:1710.68,1717.2 1 1
constraint/parser.go:1719.52,1723.2 3 1
constraint/parser.go:1725.67,1726.51 1 1
constraint/parser.go:1726.51,1728.3 1 1
constraint/parser.go:1730.2,1731.44 2 1
constraint/parser.go:1731.44,1740.3 3 1
constraint/parser.go:1741.2,1741.20 1 1
constraint/parser.go:1744.55,1748.2 3 1
constraint/parser.go:1750.57,1751.51 1 1
constraint/parser.go:1751.51,1753.3 1 1
constraint/parser.go:1755.2,1756.44 2 1
constraint/parser.go:1756.44,1765.3 3 1
constraint/parser.go:1766.2,1766.20 1 1
constraint/parser.go:1769.45,1773.2 3 1
constraint/parser.go:1775.52,1777.2 1 1
constraint/parser.go:1779.47,1783.2 3 1
constraint/parser.go:1785.66,1791.2 1 1
constraint/parser.go:1793.52,1797.2 3 1
constraint/parser.go:1799.54,1804.2 1 1
constraint/parser.go:1806.49,1810.2 3 1
constraint/parser.go:1812.50,1814.2 1 1
constraint/parser.go:1816.53,1820.2 3 1
constraint/parser.go:1822.50,1824.2 1 1
constraint/parser.go:1826.53,1830.2 3 1
constraint/parser.go:1832.50,1834.2 1 1
constraint/parser.go:1836.53,1840.2 3 1
constraint/parser.go:1842.50,1844.2 1 1
constraint/parser.go:1846.53,1850.2 3 1
constraint/parser.go:1852.51,1854.2 1 1
constraint/parser.go:1856.54,1860.2 3 1
constraint/parser.go:1862.51,1864.2 1 1
constraint/parser.go:1866.54,1870.2 3 1
constraint/parser.go:1872.51,1874.2 1 1
constraint/parser.go:1876.54,1880.2 3 1
constraint/parser.go:1882.47,1884.2 1 1
constraint/parser.go:1886.50,1890.2 3 1
constraint/parser.go:1892.47,1894.2 1 1
constraint/parser.go:1896.50,1900.2 3 1
constraint/parser.go:1902.47,1904.2 1 1
constraint/parser.go:1906.50,1910.2 3 1
constraint/parser.go:1912.47,1914.2 1 1
constraint/parser.go:1916.50,1920.2 3 1
constraint/parser.go:1922.48,1924.2 1 1
constraint/parser.go:1926.51,1930.2 3 1
constraint/parser.go:1932.48,1934.2 1 1
constraint/parser.go:1936.51,1940.2 3 1
constraint/parser.go:1942.51,1947.2 1 1
constraint/parser.go:1949.47,1953.2 3 1
constraint/parser.go:1955.59,1956.17 1 1
constraint/parser.go:1956.17,1958.3 1 1
constraint/parser.go:1959.2,1963.8 1 1
constraint/parser.go:1966.48,1970.2 3 1
constraint/parser.go:1972.65,1974.17 2 1
constraint/parser.go:1974.17,1975.45 1 1
constraint/parser.go:1975.45,1977.4 1 1
constraint/parser.go:1979.2,1979.23 1 1
constraint/parser.go:1982.53,1986.2 3 1
constraint/parser.go:1988.52,1995.2 1 0
constraint/parser.go:1997.55,2001.2 3 0
constraint/parser.go:2003.52,2010.2 1 0
constraint/parser.go:2012.55,2016.2 3 0
constraint/parser.go:2018.44,2020.16 2 1
constraint/parser.go:2020.16,2022.3 1 0
constraint/parser.go:2023.2,2026.8 1 1
constraint/parser.go:2029.47,2033.2 3 1
constraint/parser.go:2035.60,2041.2 1 1
constraint/parser.go:2043.54,2047.2 3 1
constraint/parser.go:2049.60,2055.2 1 1
constraint/parser.go:2057.54,2061.2 3 1
constraint/parser.go:2063.62,2065.2 1 1
constraint/parser.go:2067.57,2071.2 3 1
constraint/parser.go:2073.62,2075.2 1 1
constraint/parser.go:2077.57,2081.2 3 1
constraint/parser.go:2083.48,2085.2 1 1
constraint/parser.go:2087.51,2091.2 3 1
constraint/parser.go:2119.47,2120.32 1 0
constraint/parser.go:2120.32,2124.3 3 0
constraint/parser.go:2134.41,2135.32 1 0
constraint/parser.go:2135.32,2138.21 3 0
constraint/parser.go:2138.21,2140.4 1 0
constraint/parser.go:2141.3,2141.35 1 0
constraint/parser.go:2162.60,2163.32 1 0
constraint/parser.go:2163.32,2168.34 5 0
constraint/parser.go:2168.34,2170.4 1 0
constraint/parser.go:2171.3,2171.48 1 0
constraint/parser.go:2179.27,2180.32 1 0
constraint/parser.go:2180.32,2184.3 3 0
constraint/parser.go:2193.29,2194.32 1 0
constraint/parser.go:2194.32,2198.3 3 0
constraint/parser.go:2207.38,2208.32 1 0
constraint/parser.go:2208.32,2212.3 3 0
constraint/parser.go:2221.29,2222.32 1 0
constraint/parser.go:2222.32,2226.3 3 0
constraint/parser.go:2231.48,2232.32 1 0
constraint/parser.go:2232.32,2236.3 3 0
constraint/parser.go:2241.46,2242.32 1 0
constraint/parser.go:2242.32,2246.3 3 0
constraint/parser.go:2250.68,2252.16 2 1
constraint/parser.go:2252.16,2254.3 1 0
constraint/parser.go:2255.2,2255.15 1 1
constraint/parser.go:2255.15,2256.45 1 1
constraint/parser.go:2256.45,2258.4 1 0
constraint/parser.go:2260.2,2260.42 1 1
constraint/parser.go:2265.77,2267.16 2 1
constraint/parser.go:2267.16,2269.3 1 0
constraint/parser.go:2271.2,2271.36 1 1
constraint/parser.go:2276.68,2278.2 1 1
constraint/parser.go:2285.35,2287.2 1 0
constraint/parser.go:2420.34,2422.2 1 1
constraint/parser.go:2424.30,2425.17 1 1
constraint/parser.go:2425.17,2427.3 1 1
constraint/parser.go:2428.2,2429.10 2 1
constraint/parser.go:2432.28,2435.25 3 1
constraint/parser.go:2435.25,2436.36 1 1
constraint/parser.go:2436.36,2439.4 2 1
constraint/parser.go:2441.2,2441.14 1 1
constraint/parser.go:2444.33,2445.16 1 1
constraint/parser.go:2446.9,2447.12 1 0
constraint/parser.go:2448.9,2449.22 1 1
constraint/parser.go:2450.10,2453.25 2 0
constraint/parser.go:2453.25,2454.13 1 0
constraint/parser.go:2454.13,2456.5 1 0
constraint/parser.go:2457.4,2457.32 1 0
constraint/parser.go:2459.3,2459.22 1 0
constraint/parser.go:2473.38,2475.2 1 1
constraint/parser.go:2478.67,2501.23 4 1
constraint/parser.go:2501.23,2503.3 1 1
constraint/parser.go:2505.2,2505.10 1 1
constraint/parser.go:2509.44,2510.27 1 1
constraint/parser.go:2510.27,2512.3 1 0
constraint/parser.go:2589.26,2590.36 1 1
constraint/parser.go:2590.36,2593.3 1 1
constraint/parser.go:2593.8,2596.3 1 1
constraint/parser.go:2599.2,2600.29 2 1
constraint/parser.go:2600.29,2603.3 1 1
constraint/parser.go:2605.2,2606.31 2 1
constraint/parser.go:2610.25,2613.16 2 1
constraint/parser.go:2613.16,2616.3 1 1
constraint/parser.go:2617.2,2617.39 1 1
constraint/parser.go:2621.58,2622.50 1 0
constraint/parser.go:2622.50,2625.3 1 0
constraint/parser.go:2625.8,2628.3 1 0
constraint/parser.go:2630.2,2631.28 2 0
constraint/parser.go:2631.28,2633.3 1 0
constraint/parser.go:2634.2,2634.45 1 0
constraint/parser.go:2638.32,2643.2 2 0
constraint/parser.go:2645.49,2646.14 1 0
constraint/parser.go:2646.14,2648.3 1 0
constraint/parser.go:2650.2,2652.10 2 0
constraint/parser.go:2655.60,2657.2 1 0
constraint/parser.go:2659.38,2663.2 3 0
constraint/parser.go:2665.39,2668.2 2 0
constraint/parser.go:2670.36,2672.2 1 1
constraint/parser.go:2674.71,2676.22 2 1
constraint/parser.go:2676.22,2678.3 1 1
constraint/parser.go:2679.2,2679.19 1 1
constraint/parser.go:2679.19,2681.3 1 1
constraint/parser.go:2682.2,2683.23 2 1
constraint/parser.go:2683.23,2684.20 1 1
constraint/parser.go:2684.20,2686.4 1 1
constraint/parser.go:2687.3,2688.29 2 1
constraint/parser.go:2688.29,2690.4 1 0
constraint/parser.go:2690.9,2692.4 1 1
constraint/parser.go:2694.2,2695.16 2 1
constraint/parser.go:2698.63,2700.37 1 1
constraint/parser.go:2700.37,2701.39 1 1
constraint/parser.go:2701.39,2703.4 1 1
constraint/parser.go:2705.3,2705.39 1 1
constraint/parser.go:2705.39,2708.4 2 1
constraint/parser.go:2710.3,2710.30 1 1
constraint/parser.go:2710.30,2712.4 1 1
constraint/parser.go:2713.3,2713.54 1 1
constraint/parser.go:2718.25,2724.16 6 1
constraint/parser.go:2724.16,2727.3 2 1
constraint/parser.go:2729.2,2729.36 1 1
constraint/parser.go:2729.36,2730.26 1 0
constraint/parser.go:2730.26,2732.4 1 0
constraint/parser.go:2737.40,2738.13 1 1
constraint/parser.go:2738.13,2740.3 1 0
constraint/parser.go:2741.2,2741.30 1 1
constraint/parser.go:2741.30,2743.3 1 1
constraint/parser.go:2744.2,2744.11 1 1
constraint/parser.go:2759.18,2759.44 1 1
constraint/parser.go:2762.31,2763.20 1 1
constraint/parser.go:2763.20,2765.3 1 0
constraint/parser.go:2766.2,2766.19 1 1
constraint/parser.go:2770.41,2771.13 1 1
constraint/parser.go:2771.13,2773.3 1 0
constraint/parser.go:2775.2,2776.32 2 1
constraint/parser.go:2776.32,2777.30 1 0
constraint/parser.go:2777.30,2779.4 1 0
constraint/parser.go:2779.9,2781.4 1 0
constraint/parser.go:2783.2,2783.14 1 1
constraint/parser.go:2788.48,2789.13 1 1
constraint/parser.go:2789.13,2791.3 1 0
constraint/parser.go:2792.2,2793.21 2 1
constraint/parser.go:2797.52,2799.2 1 1
constraint/parser.go:2801.60,2802.22 1 0
constraint/parser.go:2802.22,2804.3 1 0
constraint/parser.go:2805.2,2806.17 2 0
constraint/parser.go:2806.17,2808.3 1 0
constraint/parser.go:2809.2,2810.16 2 0
constraint/parser.go:2813.73,2814.19 1 0
constraint/parser.go:2814.19,2816.3 1 0
constraint/parser.go:2817.2,2818.14 2 0
constraint/parser.go:2818.14,2821.3 2 0
constraint/parser.go:2822.2,2822.17 1 0
constraint/parser.go:2825.46,2827.28 2 1
constraint/parser.go:2827.28,2829.3 1 1
constraint/parser.go:2832.57,2833.23 1 1
constraint/parser.go:2833.23,2836.3 2 0
constraint/parser.go:2839.2,2841.15 2 1
constraint/parser.go:2841.15,2844.16 1 1
constraint/parser.go:2844.16,2845.32 1 1
constraint/parser.go:2845.32,2846.16 1 1
constraint/parser.go:2846.16,2848.6 1 0
constraint/parser.go:2849.5,2850.26 2 1
constraint/parser.go:2851.16,2852.17 1 1
constraint/parser.go:2853.13,2854.35 1 0
constraint/parser.go:2856.5,2856.23 1 1
constraint/parser.go:2861.2,2862.9 2 1
constraint/parser.go:2862.9,2865.3 2 0
constraint/parser.go:2867.2,2869.9 3 1
constraint/parser.go:2869.9,2870.24 1 1
constraint/parser.go:2870.24,2874.40 2 1
constraint/parser.go:2874.40,2876.5 1 1
constraint/parser.go:2877.4,2879.45 3 1
constraint/parser.go:2879.45,2882.5 2 0
constraint/parser.go:2883.4,2883.38 1 1
constraint/parser.go:2883.38,2885.5 1 1
constraint/parser.go:2886.4,2887.11 2 1
constraint/parser.go:2887.11,2889.5 1 0
constraint/parser.go:2890.4,2890.111 1 1
constraint/parser.go:2893.3,2893.27 1 1
constraint/parser.go:2895.2,2895.26 1 1
constraint/parser.go:2898.65,2899.19 1 1
constraint/parser.go:2900.9,2901.12 1 0
constraint/parser.go:2902.9,2903.17 1 0
constraint/parser.go:2904.10,2905.89 1 1
constraint/parser.go:2909.59,2911.8 2 0
constraint/parser.go:2911.8,2914.3 2 0
constraint/parser.go:2916.2,2920.16 4 0
constraint/parser.go:2923.56,2924.13 1 1
constraint/parser.go:2924.13,2926.3 1 0
constraint/parser.go:2927.2,2933.15 2 1
constraint/parser.go:2933.15,2935.3 1 0
constraint/parser.go:2935.8,2937.3 1 1
constraint/parser.go:2939.2,2939.19 1 1
constraint/parser.go:2939.19,2941.3 1 0
constraint/parser.go:2942.2,2942.16 1 1
constraint/parser.go:2945.52,2952.2 6 1
constraint/parser.go:2954.54,2957.15 2 1
constraint/parser.go:2957.15,2959.9 2 0
constraint/parser.go:2959.9,2962.4 2 0
constraint/parser.go:2963.3,2963.12 1 0
constraint/parser.go:2966.2,2968.15 2 1
constraint/parser.go:2968.15,2970.3 1 0
constraint/parser.go:2971.2,2971.16 1 1
constraint/parser.go:2974.50,2976.30 2 1
constraint/parser.go:2976.30,2977.23 1 0
constraint/parser.go:2980.2,2982.29 3 1
constraint/parser.go:2983.19,2984.36 1 1
constraint/parser.go:2985.20,2986.37 1 0
constraint/parser.go:2987.16,2988.33 1 0
constraint/parser.go:2989.19,2990.36 1 1
constraint/parser.go:2991.25,2992.42 1 1
constraint/parser.go:2993.19,2994.36 1 1
constraint/parser.go:2995.20,2996.37 1 1
constraint/parser.go:2997.19,2998.36 1 1
constraint/parser.go:2999.20,3000.37 1 0
constraint/parser.go:3001.16,3002.33 1 1
constraint/parser.go:3003.22,3004.39 1 1
constraint/parser.go:3005.21,3006.38 1 0
constraint/parser.go:3007.20,3008.37 1 1
constraint/parser.go:3009.16,3010.33 1 1
constraint/parser.go:3011.22,3012.39 1 0
constraint/parser.go:3013.18,3014.35 1 0
constraint/parser.go:3015.23,3016.40 1 1
constraint/parser.go:3017.22,3018.39 1 1
constraint/parser.go:3019.10,3020.57 1 0
constraint/parser.go:3022.2,3022.16 1 1
constraint/parser.go:3025.63,3026.13 1 1
constraint/parser.go:3026.13,3028.3 1 0
constraint/parser.go:3030.2,3032.8 3 1
constraint/parser.go:3032.8,3037.17 5 1
constraint/parser.go:3037.17,3039.4 1 0
constraint/parser.go:3040.3,3042.15 2 1
constraint/parser.go:3044.2,3044.19 1 1
constraint/parser.go:3044.19,3046.3 1 0
constraint/parser.go:3047.2,3047.16 1 1
constraint/parser.go:3050.65,3051.13 1 0
constraint/parser.go:3051.13,3053.3 1 0
constraint/parser.go:3055.2,3058.16 3 0
constraint/parser.go:3058.16,3060.3 1 0
constraint/parser.go:3061.2,3063.16 2 0
constraint/parser.go:3066.57,3067.13 1 0
constraint/parser.go:3067.13,3069.3 1 0
constraint/parser.go:3071.2,3079.16 8 0
constraint/parser.go:3082.63,3083.13 1 1
constraint/parser.go:3083.13,3085.3 1 0
constraint/parser.go:3087.2,3087.46 1 1
constraint/parser.go:3087.46,3091.3 2 1
constraint/parser.go:3092.2,3095.33 4 1
constraint/parser.go:3098.75,3099.13 1 1
constraint/parser.go:3099.13,3101.3 1 0
constraint/parser.go:3103.2,3107.42 3 1
constraint/parser.go:3107.42,3110.3 2 1
constraint/parser.go:3112.2,3112.20 1 1
constraint/parser.go:3112.20,3114.3 1 0
constraint/parser.go:3117.2,3117.31 1 1
constraint/parser.go:3117.31,3118.16 1 1
constraint/parser.go:3118.16,3119.20 1 1
constraint/parser.go:3119.20,3122.5 2 0
constraint/parser.go:3123.4,3125.35 3 1
constraint/parser.go:3130.2,3130.42 1 1
constraint/parser.go:3130.42,3131.53 1 1
constraint/parser.go:3131.53,3132.20 1 1
constraint/parser.go:3132.20,3135.5 2 0
constraint/parser.go:3136.4,3138.35 3 1
constraint/parser.go:3143.2,3143.33 1 1
constraint/parser.go:3143.33,3144.26 1 0
constraint/parser.go:3144.26,3145.20 1 0
constraint/parser.go:3145.20,3148.5 2 0
constraint/parser.go:3149.4,3151.35 3 0
constraint/parser.go:3155.2,3155.18 1 1
constraint/parser.go:3155.18,3159.3 3 0
constraint/parser.go:3160.2,3161.19 2 1
constraint/parser.go:3164.60,3167.14 3 1
constraint/parser.go:3167.14,3170.3 2 1
constraint/parser.go:3172.2,3173.27 2 1
constraint/parser.go:3173.27,3175.3 1 1
constraint/parser.go:3176.2,3176.10 1 1
constraint/parser.go:3179.62,3180.13 1 1
constraint/parser.go:3180.13,3182.3 1 0
constraint/parser.go:3184.2,3184.41 1 1
constraint/parser.go:3184.41,3193.9 6 1
constraint/parser.go:3193.9,3196.4 2 1
constraint/parser.go:3197.3,3197.24 1 1
constraint/parser.go:3199.2,3200.19 2 1
constraint/parser.go:3203.65,3204.13 1 1
constraint/parser.go:3204.13,3206.3 1 0
constraint/parser.go:3208.2,3211.27 4 1
constraint/parser.go:3211.27,3214.3 2 1
constraint/parser.go:3215.2,3215.16 1 1
constraint/parser.go:3218.63,3219.13 1 1
constraint/parser.go:3219.13,3221.3 1 0
constraint/parser.go:3223.2,3224.31 2 1
constraint/parser.go:3224.31,3226.21 2 1
constraint/parser.go:3226.21,3228.4 1 0
constraint/parser.go:3229.3,3229.18 1 1
constraint/parser.go:3229.18,3233.4 3 1
constraint/parser.go:3234.3,3234.11 1 1
constraint/parser.go:3236.2,3237.33 2 1
constraint/parser.go:3240.65,3241.13 1 0
constraint/parser.go:3241.13,3243.3 1 0
constraint/parser.go:3245.2,3248.16 3 0
constraint/parser.go:3248.16,3250.3 1 0
constraint/parser.go:3251.2,3253.17 2 0
constraint/parser.go:3256.57,3257.13 1 1
constraint/parser.go:3257.13,3259.3 1 0
constraint/parser.go:3261.2,3271.17 10 1
constraint/parser.go:3274.70,3275.13 1 1
constraint/parser.go:3275.13,3277.3 1 0
constraint/parser.go:3279.2,3281.6 2 1
constraint/parser.go:3281.6,3285.10 4 1
constraint/parser.go:3285.10,3286.22 1 1
constraint/parser.go:3286.22,3289.5 1 1
constraint/parser.go:3290.4,3290.21 1 1
constraint/parser.go:3292.3,3292.27 1 1
constraint/parser.go:3296.71,3297.13 1 0
constraint/parser.go:3297.13,3299.3 1 0
constraint/parser.go:3301.2,3305.16 4 0
constraint/parser.go:3308.65,3309.13 1 1
constraint/parser.go:3309.13,3311.3 1 0
constraint/parser.go:3313.2,3313.20 1 1
constraint/parser.go:3313.20,3314.64 1 0
constraint/parser.go:3317.2,3318.17 2 1
constraint/parser.go:3318.17,3321.3 2 0
constraint/parser.go:3322.2,3322.30 1 1
constraint/parser.go:3325.57,3326.13 1 1
constraint/parser.go:3326.13,3328.3 1 0
constraint/parser.go:3330.2,3334.33 4 1
constraint/parser.go:3334.33,3336.10 2 1
constraint/parser.go:3336.10,3340.4 3 1
constraint/parser.go:3341.3,3341.27 1 1
constraint/parser.go:3343.2,3343.19 1 1
constraint/parser.go:3346.71,3347.13 1 0
constraint/parser.go:3347.13,3349.3 1 0
constraint/parser.go:3351.2,3352.16 2 0
constraint/parser.go:3352.16,3354.3 1 0
constraint/parser.go:3355.2,3355.18 1 0
constraint/parser.go:3358.62,3359.13 1 0
constraint/parser.go:3359.13,3361.3 1 0
constraint/parser.go:3363.2,3363.49 1 0
constraint/parser.go:3363.49,3364.60 1 0
constraint/parser.go:3364.60,3365.51 1 0
constraint/parser.go:3365.51,3367.5 1 0
constraint/parser.go:3371.2,3371.19 1 0
constraint/parser.go:3374.72,3375.13 1 1
constraint/parser.go:3375.13,3377.3 1 0
constraint/parser.go:3379.2,3381.6 2 1
constraint/parser.go:3381.6,3385.10 4 1
constraint/parser.go:3385.10,3387.4 1 1
constraint/parser.go:3388.3,3388.27 1 1
constraint/parser.go:3392.70,3393.13 1 1
constraint/parser.go:3393.13,3395.3 1 0
constraint/parser.go:3397.2,3401.18 4 1
