mode: set
github.com/treivax/tsd/constraint/pkg/domain/errors.go:47.33,48.27 1 1
github.com/treivax/tsd/constraint/pkg/domain/errors.go:48.27,51.3 1 1
github.com/treivax/tsd/constraint/pkg/domain/errors.go:52.2,52.51 1 1
github.com/treivax/tsd/constraint/pkg/domain/errors.go:56.33,58.2 1 1
github.com/treivax/tsd/constraint/pkg/domain/errors.go:61.40,62.34 1 1
github.com/treivax/tsd/constraint/pkg/domain/errors.go:62.34,64.3 1 1
github.com/treivax/tsd/constraint/pkg/domain/errors.go:65.2,65.14 1 0
github.com/treivax/tsd/constraint/pkg/domain/errors.go:71.67,81.2 1 1
github.com/treivax/tsd/constraint/pkg/domain/errors.go:84.61,90.2 1 1
github.com/treivax/tsd/constraint/pkg/domain/errors.go:93.72,101.2 3 1
github.com/treivax/tsd/constraint/pkg/domain/errors.go:104.72,112.2 3 1
github.com/treivax/tsd/constraint/pkg/domain/errors.go:115.63,122.2 2 1
github.com/treivax/tsd/constraint/pkg/domain/errors.go:125.61,131.2 1 1
github.com/treivax/tsd/constraint/pkg/domain/errors.go:134.57,140.2 1 1
github.com/treivax/tsd/constraint/pkg/domain/errors.go:145.35,146.32 1 1
github.com/treivax/tsd/constraint/pkg/domain/errors.go:146.32,148.3 1 1
github.com/treivax/tsd/constraint/pkg/domain/errors.go:149.2,149.14 1 0
github.com/treivax/tsd/constraint/pkg/domain/errors.go:153.40,154.32 1 1
github.com/treivax/tsd/constraint/pkg/domain/errors.go:154.32,159.3 1 1
github.com/treivax/tsd/constraint/pkg/domain/errors.go:160.2,160.14 1 0
github.com/treivax/tsd/constraint/pkg/domain/errors.go:164.42,165.32 1 1
github.com/treivax/tsd/constraint/pkg/domain/errors.go:165.32,167.3 1 1
github.com/treivax/tsd/constraint/pkg/domain/errors.go:168.2,168.14 1 0
github.com/treivax/tsd/constraint/pkg/domain/errors.go:172.43,173.32 1 1
github.com/treivax/tsd/constraint/pkg/domain/errors.go:173.32,175.3 1 1
github.com/treivax/tsd/constraint/pkg/domain/errors.go:176.2,176.14 1 0
github.com/treivax/tsd/constraint/pkg/domain/errors.go:180.41,181.32 1 1
github.com/treivax/tsd/constraint/pkg/domain/errors.go:181.32,183.3 1 1
github.com/treivax/tsd/constraint/pkg/domain/errors.go:184.2,184.14 1 0
github.com/treivax/tsd/constraint/pkg/domain/errors.go:193.44,197.2 1 1
github.com/treivax/tsd/constraint/pkg/domain/errors.go:200.44,202.2 1 1
github.com/treivax/tsd/constraint/pkg/domain/errors.go:205.45,207.2 1 1
github.com/treivax/tsd/constraint/pkg/domain/errors.go:210.43,211.25 1 1
github.com/treivax/tsd/constraint/pkg/domain/errors.go:211.25,213.3 1 1
github.com/treivax/tsd/constraint/pkg/domain/errors.go:214.2,214.25 1 1
github.com/treivax/tsd/constraint/pkg/domain/errors.go:214.25,216.3 1 1
github.com/treivax/tsd/constraint/pkg/domain/errors.go:217.2,218.58 1 1
github.com/treivax/tsd/constraint/pkg/domain/errors.go:222.43,223.24 1 1
github.com/treivax/tsd/constraint/pkg/domain/errors.go:223.24,225.3 1 1
github.com/treivax/tsd/constraint/pkg/domain/errors.go:226.2,226.12 1 1
github.com/treivax/tsd/constraint/pkg/domain/types.go:116.28,125.2 1 1
github.com/treivax/tsd/constraint/pkg/domain/types.go:128.53,134.2 1 1
github.com/treivax/tsd/constraint/pkg/domain/types.go:137.60,142.2 1 1
github.com/treivax/tsd/constraint/pkg/domain/types.go:145.34,153.2 1 1
github.com/treivax/tsd/constraint/pkg/domain/types.go:156.57,162.2 1 1
github.com/treivax/tsd/constraint/pkg/domain/types.go:165.86,172.2 1 1
github.com/treivax/tsd/constraint/pkg/domain/types.go:175.56,181.2 1 1
github.com/treivax/tsd/constraint/pkg/domain/types.go:184.56,193.2 1 1
github.com/treivax/tsd/constraint/pkg/domain/types.go:198.35,200.16 2 1
github.com/treivax/tsd/constraint/pkg/domain/types.go:200.16,202.3 1 0
github.com/treivax/tsd/constraint/pkg/domain/types.go:203.2,203.21 1 1
github.com/treivax/tsd/constraint/pkg/domain/types.go:207.62,208.25 1 1
github.com/treivax/tsd/constraint/pkg/domain/types.go:208.25,209.30 1 1
github.com/treivax/tsd/constraint/pkg/domain/types.go:209.30,211.4 1 1
github.com/treivax/tsd/constraint/pkg/domain/types.go:213.2,213.12 1 1
github.com/treivax/tsd/constraint/pkg/domain/types.go:217.62,218.27 1 1
github.com/treivax/tsd/constraint/pkg/domain/types.go:218.27,219.32 1 1
github.com/treivax/tsd/constraint/pkg/domain/types.go:219.32,221.4 1 1
github.com/treivax/tsd/constraint/pkg/domain/types.go:223.2,223.12 1 1
github.com/treivax/tsd/constraint/pkg/domain/types.go:227.54,229.2 1 1
github.com/treivax/tsd/constraint/pkg/domain/types.go:234.38,241.2 2 1
github.com/treivax/tsd/constraint/pkg/domain/types.go:244.33,249.2 2 1
github.com/treivax/tsd/constraint/pkg/validator/types.go:17.38,22.2 1 1
github.com/treivax/tsd/constraint/pkg/validator/types.go:25.75,29.49 3 1
github.com/treivax/tsd/constraint/pkg/validator/types.go:29.49,34.3 1 1
github.com/treivax/tsd/constraint/pkg/validator/types.go:36.2,37.12 2 1
github.com/treivax/tsd/constraint/pkg/validator/types.go:41.78,45.47 3 1
github.com/treivax/tsd/constraint/pkg/validator/types.go:45.47,47.3 1 1
github.com/treivax/tsd/constraint/pkg/validator/types.go:49.2,52.3 1 1
github.com/treivax/tsd/constraint/pkg/validator/types.go:56.51,62.2 4 1
github.com/treivax/tsd/constraint/pkg/validator/types.go:65.61,70.35 4 1
github.com/treivax/tsd/constraint/pkg/validator/types.go:70.35,72.3 1 1
github.com/treivax/tsd/constraint/pkg/validator/types.go:73.2,73.14 1 1
github.com/treivax/tsd/constraint/pkg/validator/types.go:77.83,79.16 2 1
github.com/treivax/tsd/constraint/pkg/validator/types.go:79.16,81.3 1 0
github.com/treivax/tsd/constraint/pkg/validator/types.go:83.2,84.39 2 1
github.com/treivax/tsd/constraint/pkg/validator/types.go:84.39,86.3 1 1
github.com/treivax/tsd/constraint/pkg/validator/types.go:88.2,88.20 1 1
github.com/treivax/tsd/constraint/pkg/validator/types.go:92.33,97.2 3 1
github.com/treivax/tsd/constraint/pkg/validator/types.go:105.64,109.2 1 1
github.com/treivax/tsd/constraint/pkg/validator/types.go:112.143,115.9 2 1
github.com/treivax/tsd/constraint/pkg/validator/types.go:115.9,117.60 1 1
github.com/treivax/tsd/constraint/pkg/validator/types.go:117.60,125.4 3 1
github.com/treivax/tsd/constraint/pkg/validator/types.go:125.9,130.4 1 0
github.com/treivax/tsd/constraint/pkg/validator/types.go:134.2,135.37 2 1
github.com/treivax/tsd/constraint/pkg/validator/types.go:135.37,136.33 1 1
github.com/treivax/tsd/constraint/pkg/validator/types.go:136.33,138.9 2 1
github.com/treivax/tsd/constraint/pkg/validator/types.go:142.2,142.24 1 1
github.com/treivax/tsd/constraint/pkg/validator/types.go:142.24,147.3 1 1
github.com/treivax/tsd/constraint/pkg/validator/types.go:150.2,151.16 2 1
github.com/treivax/tsd/constraint/pkg/validator/types.go:151.16,153.3 1 0
github.com/treivax/tsd/constraint/pkg/validator/types.go:156.2,157.18 2 1
github.com/treivax/tsd/constraint/pkg/validator/types.go:157.18,167.3 1 1
github.com/treivax/tsd/constraint/pkg/validator/types.go:169.2,169.24 1 1
github.com/treivax/tsd/constraint/pkg/validator/types.go:173.63,174.27 1 1
github.com/treivax/tsd/constraint/pkg/validator/types.go:175.12,176.16 1 1
github.com/treivax/tsd/constraint/pkg/validator/types.go:177.38,178.19 1 1
github.com/treivax/tsd/constraint/pkg/validator/types.go:179.24,180.18 1 1
github.com/treivax/tsd/constraint/pkg/validator/types.go:181.14,182.18 1 1
github.com/treivax/tsd/constraint/pkg/validator/types.go:183.30,185.46 1 1
github.com/treivax/tsd/constraint/pkg/validator/types.go:185.46,186.21 1 1
github.com/treivax/tsd/constraint/pkg/validator/types.go:187.26,188.18 1 1
github.com/treivax/tsd/constraint/pkg/validator/types.go:189.26,190.21 1 1
github.com/treivax/tsd/constraint/pkg/validator/types.go:191.25,192.20 1 1
github.com/treivax/tsd/constraint/pkg/validator/types.go:193.25,194.20 1 1
github.com/treivax/tsd/constraint/pkg/validator/types.go:198.3,198.32 1 1
github.com/treivax/tsd/constraint/pkg/validator/types.go:198.32,200.4 1 1
github.com/treivax/tsd/constraint/pkg/validator/types.go:201.3,201.19 1 0
github.com/treivax/tsd/constraint/pkg/validator/types.go:202.10,203.19 1 1
github.com/treivax/tsd/constraint/pkg/validator/types.go:208.94,225.39 4 1
github.com/treivax/tsd/constraint/pkg/validator/types.go:225.39,233.3 1 1
github.com/treivax/tsd/constraint/pkg/validator/types.go:236.2,236.29 1 1
github.com/treivax/tsd/constraint/pkg/validator/types.go:236.29,239.3 1 1
github.com/treivax/tsd/constraint/pkg/validator/types.go:241.2,241.26 1 1
github.com/treivax/tsd/constraint/pkg/validator/types.go:241.26,244.3 1 1
github.com/treivax/tsd/constraint/pkg/validator/types.go:246.2,246.29 1 1
github.com/treivax/tsd/constraint/pkg/validator/types.go:246.29,249.3 1 1
github.com/treivax/tsd/constraint/pkg/validator/types.go:251.2,251.12 1 0
github.com/treivax/tsd/constraint/pkg/validator/types.go:255.92,257.42 1 1
github.com/treivax/tsd/constraint/pkg/validator/types.go:257.42,258.28 1 1
github.com/treivax/tsd/constraint/pkg/validator/types.go:258.28,264.4 1 0
github.com/treivax/tsd/constraint/pkg/validator/types.go:265.3,265.13 1 1
github.com/treivax/tsd/constraint/pkg/validator/types.go:269.2,273.61 2 1
github.com/treivax/tsd/constraint/pkg/validator/types.go:273.61,282.3 1 0
github.com/treivax/tsd/constraint/pkg/validator/types.go:284.2,284.27 1 1
github.com/treivax/tsd/constraint/pkg/validator/types.go:284.27,290.3 1 1
github.com/treivax/tsd/constraint/pkg/validator/types.go:292.2,292.12 1 1
github.com/treivax/tsd/constraint/pkg/validator/types.go:296.89,297.23 1 1
github.com/treivax/tsd/constraint/pkg/validator/types.go:297.23,299.25 1 1
github.com/treivax/tsd/constraint/pkg/validator/types.go:299.25,305.4 1 1
github.com/treivax/tsd/constraint/pkg/validator/types.go:306.3,306.13 1 0
github.com/treivax/tsd/constraint/pkg/validator/types.go:310.2,310.47 1 1
github.com/treivax/tsd/constraint/pkg/validator/types.go:310.47,318.3 1 1
github.com/treivax/tsd/constraint/pkg/validator/types.go:320.2,320.12 1 1
github.com/treivax/tsd/constraint/pkg/validator/types.go:324.92,329.57 2 1
github.com/treivax/tsd/constraint/pkg/validator/types.go:329.57,337.3 1 1
github.com/treivax/tsd/constraint/pkg/validator/types.go:339.2,339.12 1 1
github.com/treivax/tsd/constraint/pkg/validator/validator.go:18.108,28.2 1 1
github.com/treivax/tsd/constraint/pkg/validator/validator.go:31.74,34.9 2 1
github.com/treivax/tsd/constraint/pkg/validator/validator.go:34.9,36.3 1 1
github.com/treivax/tsd/constraint/pkg/validator/validator.go:39.2,39.52 1 1
github.com/treivax/tsd/constraint/pkg/validator/validator.go:39.52,41.3 1 0
github.com/treivax/tsd/constraint/pkg/validator/validator.go:44.2,44.37 1 1
github.com/treivax/tsd/constraint/pkg/validator/validator.go:44.37,45.62 1 1
github.com/treivax/tsd/constraint/pkg/validator/validator.go:45.62,50.4 1 1
github.com/treivax/tsd/constraint/pkg/validator/validator.go:54.2,54.40 1 1
github.com/treivax/tsd/constraint/pkg/validator/validator.go:54.40,55.64 1 1
github.com/treivax/tsd/constraint/pkg/validator/validator.go:55.64,63.4 2 0
github.com/treivax/tsd/constraint/pkg/validator/validator.go:66.2,66.12 1 1
github.com/treivax/tsd/constraint/pkg/validator/validator.go:70.82,73.32 2 1
github.com/treivax/tsd/constraint/pkg/validator/validator.go:73.32,75.30 1 1
github.com/treivax/tsd/constraint/pkg/validator/validator.go:75.30,83.4 1 1
github.com/treivax/tsd/constraint/pkg/validator/validator.go:84.3,87.25 2 1
github.com/treivax/tsd/constraint/pkg/validator/validator.go:87.25,92.4 1 1
github.com/treivax/tsd/constraint/pkg/validator/validator.go:95.3,95.31 1 1
github.com/treivax/tsd/constraint/pkg/validator/validator.go:95.31,103.4 1 1
github.com/treivax/tsd/constraint/pkg/validator/validator.go:106.3,107.40 2 1
github.com/treivax/tsd/constraint/pkg/validator/validator.go:107.40,108.30 1 1
github.com/treivax/tsd/constraint/pkg/validator/validator.go:108.30,116.5 1 1
github.com/treivax/tsd/constraint/pkg/validator/validator.go:117.4,119.24 2 1
github.com/treivax/tsd/constraint/pkg/validator/validator.go:119.24,127.5 1 0
github.com/treivax/tsd/constraint/pkg/validator/validator.go:129.4,129.39 1 1
github.com/treivax/tsd/constraint/pkg/validator/validator.go:129.39,140.5 1 1
github.com/treivax/tsd/constraint/pkg/validator/validator.go:144.2,144.12 1 1
github.com/treivax/tsd/constraint/pkg/validator/validator.go:148.111,150.34 1 1
github.com/treivax/tsd/constraint/pkg/validator/validator.go:150.34,155.3 1 0
github.com/treivax/tsd/constraint/pkg/validator/validator.go:158.2,158.46 1 1
github.com/treivax/tsd/constraint/pkg/validator/validator.go:158.46,160.33 2 1
github.com/treivax/tsd/constraint/pkg/validator/validator.go:160.33,161.41 1 1
github.com/treivax/tsd/constraint/pkg/validator/validator.go:161.41,163.10 2 1
github.com/treivax/tsd/constraint/pkg/validator/validator.go:166.3,166.13 1 1
github.com/treivax/tsd/constraint/pkg/validator/validator.go:166.13,174.4 1 0
github.com/treivax/tsd/constraint/pkg/validator/validator.go:178.2,178.29 1 1
github.com/treivax/tsd/constraint/pkg/validator/validator.go:178.29,179.91 1 0
github.com/treivax/tsd/constraint/pkg/validator/validator.go:179.91,181.4 1 0
github.com/treivax/tsd/constraint/pkg/validator/validator.go:185.2,185.24 1 1
github.com/treivax/tsd/constraint/pkg/validator/validator.go:185.24,187.63 2 0
github.com/treivax/tsd/constraint/pkg/validator/validator.go:187.63,189.4 1 0
github.com/treivax/tsd/constraint/pkg/validator/validator.go:192.2,192.12 1 1
github.com/treivax/tsd/constraint/pkg/validator/validator.go:196.145,199.2 1 0
github.com/treivax/tsd/constraint/pkg/validator/validator.go:202.72,204.2 1 0
github.com/treivax/tsd/constraint/pkg/validator/validator.go:207.66,209.2 1 0
github.com/treivax/tsd/constraint/pkg/validator/validator.go:215.44,217.2 1 1
github.com/treivax/tsd/constraint/pkg/validator/validator.go:220.72,221.19 1 1
github.com/treivax/tsd/constraint/pkg/validator/validator.go:221.19,226.3 1 1
github.com/treivax/tsd/constraint/pkg/validator/validator.go:228.2,228.39 1 1
github.com/treivax/tsd/constraint/pkg/validator/validator.go:232.74,233.43 1 1
github.com/treivax/tsd/constraint/pkg/validator/validator.go:233.43,238.3 1 1
github.com/treivax/tsd/constraint/pkg/validator/validator.go:241.2,241.35 1 1
github.com/treivax/tsd/constraint/pkg/validator/validator.go:241.35,242.35 1 1
github.com/treivax/tsd/constraint/pkg/validator/validator.go:242.35,250.4 1 1
github.com/treivax/tsd/constraint/pkg/validator/validator.go:253.2,253.12 1 1
github.com/treivax/tsd/constraint/internal/config/config.go:22.30,46.2 1 0
github.com/treivax/tsd/constraint/internal/config/config.go:55.57,60.2 1 0
github.com/treivax/tsd/constraint/internal/config/config.go:63.47,64.23 1 0
github.com/treivax/tsd/constraint/internal/config/config.go:64.23,66.3 1 0
github.com/treivax/tsd/constraint/internal/config/config.go:69.2,69.56 1 0
github.com/treivax/tsd/constraint/internal/config/config.go:69.56,72.3 1 0
github.com/treivax/tsd/constraint/internal/config/config.go:74.2,75.16 2 0
github.com/treivax/tsd/constraint/internal/config/config.go:75.16,77.3 1 0
github.com/treivax/tsd/constraint/internal/config/config.go:79.2,80.54 2 0
github.com/treivax/tsd/constraint/internal/config/config.go:80.54,82.3 1 0
github.com/treivax/tsd/constraint/internal/config/config.go:84.2,85.12 2 0
github.com/treivax/tsd/constraint/internal/config/config.go:89.45,90.23 1 0
github.com/treivax/tsd/constraint/internal/config/config.go:90.23,92.3 1 0
github.com/treivax/tsd/constraint/internal/config/config.go:95.2,96.47 2 0
github.com/treivax/tsd/constraint/internal/config/config.go:96.47,98.3 1 0
github.com/treivax/tsd/constraint/internal/config/config.go:100.2,101.16 2 0
github.com/treivax/tsd/constraint/internal/config/config.go:101.16,103.3 1 0
github.com/treivax/tsd/constraint/internal/config/config.go:105.2,105.62 1 0
github.com/treivax/tsd/constraint/internal/config/config.go:105.62,107.3 1 0
github.com/treivax/tsd/constraint/internal/config/config.go:109.2,109.12 1 0
github.com/treivax/tsd/constraint/internal/config/config.go:113.46,115.2 1 0
github.com/treivax/tsd/constraint/internal/config/config.go:118.52,120.2 1 0
github.com/treivax/tsd/constraint/internal/config/config.go:123.64,125.2 1 0
github.com/treivax/tsd/constraint/internal/config/config.go:128.70,130.2 1 0
github.com/treivax/tsd/constraint/internal/config/config.go:133.64,135.2 1 0
github.com/treivax/tsd/constraint/internal/config/config.go:138.48,140.2 1 0
github.com/treivax/tsd/constraint/internal/config/config.go:143.73,145.2 1 0
github.com/treivax/tsd/constraint/internal/config/config.go:148.79,150.2 1 0
github.com/treivax/tsd/constraint/internal/config/config.go:153.73,155.2 1 0
github.com/treivax/tsd/constraint/internal/config/config.go:158.49,160.2 1 0
github.com/treivax/tsd/constraint/internal/config/config.go:163.43,167.39 2 0
github.com/treivax/tsd/constraint/internal/config/config.go:167.39,169.3 1 0
github.com/treivax/tsd/constraint/internal/config/config.go:172.2,172.36 1 0
github.com/treivax/tsd/constraint/internal/config/config.go:172.36,174.3 1 0
github.com/treivax/tsd/constraint/internal/config/config.go:176.2,176.49 1 0
github.com/treivax/tsd/constraint/internal/config/config.go:176.49,178.3 1 0
github.com/treivax/tsd/constraint/internal/config/config.go:181.2,184.39 2 0
github.com/treivax/tsd/constraint/internal/config/config.go:184.39,186.3 1 0
github.com/treivax/tsd/constraint/internal/config/config.go:188.2,191.41 2 0
github.com/treivax/tsd/constraint/internal/config/config.go:191.41,193.3 1 0
github.com/treivax/tsd/constraint/internal/config/config.go:195.2,195.12 1 0
github.com/treivax/tsd/constraint/internal/config/config.go:199.42,201.16 2 0
github.com/treivax/tsd/constraint/internal/config/config.go:201.16,203.3 1 0
github.com/treivax/tsd/constraint/internal/config/config.go:204.2,204.21 1 0
github.com/treivax/tsd/constraint/internal/config/config.go:208.49,214.2 2 0
github.com/treivax/tsd/constraint/internal/config/config.go:217.34,219.2 1 0
