mode: set
github.com/treivax/tsd/rete/alpha_builder.go:11.56,13.2 1 1
github.com/treivax/tsd/rete/alpha_builder.go:16.102,27.2 1 1
github.com/treivax/tsd/rete/alpha_builder.go:30.105,41.2 1 1
github.com/treivax/tsd/rete/alpha_builder.go:44.104,55.2 1 1
github.com/treivax/tsd/rete/alpha_builder.go:58.107,69.2 1 1
github.com/treivax/tsd/rete/alpha_builder.go:72.107,83.2 1 1
github.com/treivax/tsd/rete/alpha_builder.go:86.110,97.2 1 1
github.com/treivax/tsd/rete/alpha_builder.go:100.76,111.2 1 1
github.com/treivax/tsd/rete/alpha_builder.go:114.75,125.2 1 1
github.com/treivax/tsd/rete/alpha_builder.go:128.86,129.26 1 1
github.com/treivax/tsd/rete/alpha_builder.go:129.26,131.3 1 1
github.com/treivax/tsd/rete/alpha_builder.go:132.2,132.26 1 1
github.com/treivax/tsd/rete/alpha_builder.go:132.26,134.3 1 1
github.com/treivax/tsd/rete/alpha_builder.go:136.2,137.43 2 1
github.com/treivax/tsd/rete/alpha_builder.go:137.43,142.3 1 1
github.com/treivax/tsd/rete/alpha_builder.go:144.2,148.3 1 1
github.com/treivax/tsd/rete/alpha_builder.go:152.85,153.26 1 1
github.com/treivax/tsd/rete/alpha_builder.go:153.26,155.3 1 1
github.com/treivax/tsd/rete/alpha_builder.go:156.2,156.26 1 1
github.com/treivax/tsd/rete/alpha_builder.go:156.26,158.3 1 1
github.com/treivax/tsd/rete/alpha_builder.go:160.2,161.43 2 1
github.com/treivax/tsd/rete/alpha_builder.go:161.43,166.3 1 1
github.com/treivax/tsd/rete/alpha_builder.go:168.2,172.3 1 1
github.com/treivax/tsd/rete/alpha_builder.go:176.54,181.2 1 1
github.com/treivax/tsd/rete/alpha_builder.go:184.55,189.2 1 1
github.com/treivax/tsd/rete/alpha_builder.go:192.104,196.2 3 1
github.com/treivax/tsd/rete/alpha_builder.go:199.102,200.22 1 1
github.com/treivax/tsd/rete/alpha_builder.go:200.22,202.3 1 1
github.com/treivax/tsd/rete/alpha_builder.go:204.2,205.31 2 1
github.com/treivax/tsd/rete/alpha_builder.go:205.31,207.3 1 1
github.com/treivax/tsd/rete/alpha_builder.go:209.2,209.38 1 1
github.com/treivax/tsd/rete/alpha_builder.go:213.105,214.22 1 1
github.com/treivax/tsd/rete/alpha_builder.go:214.22,216.3 1 1
github.com/treivax/tsd/rete/alpha_builder.go:218.2,219.31 2 1
github.com/treivax/tsd/rete/alpha_builder.go:219.31,221.3 1 1
github.com/treivax/tsd/rete/alpha_builder.go:223.2,223.39 1 1
github.com/treivax/tsd/rete/alpha_builder.go:227.91,228.27 1 1
github.com/treivax/tsd/rete/alpha_builder.go:229.14,233.4 1 1
github.com/treivax/tsd/rete/alpha_builder.go:234.11,238.4 1 1
github.com/treivax/tsd/rete/alpha_builder.go:239.13,243.4 1 1
github.com/treivax/tsd/rete/alpha_builder.go:244.13,248.4 1 1
github.com/treivax/tsd/rete/alpha_builder.go:249.15,253.4 1 1
github.com/treivax/tsd/rete/alpha_builder.go:254.15,258.4 1 1
github.com/treivax/tsd/rete/alpha_builder.go:259.12,263.4 1 1
github.com/treivax/tsd/rete/alpha_builder.go:264.10,269.4 1 1
github.com/treivax/tsd/rete/alpha_builder.go:274.95,276.66 1 1
github.com/treivax/tsd/rete/alpha_builder.go:276.66,278.3 1 1
github.com/treivax/tsd/rete/alpha_builder.go:281.2,281.19 1 1
github.com/treivax/tsd/rete/converter.go:13.38,15.2 1 1
github.com/treivax/tsd/rete/converter.go:18.89,21.9 2 1
github.com/treivax/tsd/rete/converter.go:21.9,23.3 1 1
github.com/treivax/tsd/rete/converter.go:25.2,31.47 2 1
github.com/treivax/tsd/rete/converter.go:31.47,37.3 1 1
github.com/treivax/tsd/rete/converter.go:40.2,40.53 1 1
github.com/treivax/tsd/rete/converter.go:40.53,42.17 2 1
github.com/treivax/tsd/rete/converter.go:42.17,44.4 1 0
github.com/treivax/tsd/rete/converter.go:45.3,45.41 1 1
github.com/treivax/tsd/rete/converter.go:48.2,48.25 1 1
github.com/treivax/tsd/rete/converter.go:52.84,54.41 2 1
github.com/treivax/tsd/rete/converter.go:54.41,59.3 1 1
github.com/treivax/tsd/rete/converter.go:60.2,60.15 1 1
github.com/treivax/tsd/rete/converter.go:64.102,77.34 3 1
github.com/treivax/tsd/rete/converter.go:77.34,79.17 2 1
github.com/treivax/tsd/rete/converter.go:79.17,81.4 1 0
github.com/treivax/tsd/rete/converter.go:82.3,82.23 1 1
github.com/treivax/tsd/rete/converter.go:85.2,85.18 1 1
github.com/treivax/tsd/rete/converter.go:89.106,91.42 2 1
github.com/treivax/tsd/rete/converter.go:91.42,97.3 1 1
github.com/treivax/tsd/rete/converter.go:98.2,98.13 1 1
github.com/treivax/tsd/rete/converter.go:102.92,112.2 2 1
github.com/treivax/tsd/rete/evaluator.go:17.60,21.2 1 1
github.com/treivax/tsd/rete/evaluator.go:24.123,26.24 1 1
github.com/treivax/tsd/rete/evaluator.go:26.24,28.3 1 1
github.com/treivax/tsd/rete/evaluator.go:30.2,30.40 1 1
github.com/treivax/tsd/rete/evaluator.go:34.86,35.34 1 1
github.com/treivax/tsd/rete/evaluator.go:36.30,37.44 1 1
github.com/treivax/tsd/rete/evaluator.go:38.34,39.46 1 1
github.com/treivax/tsd/rete/evaluator.go:40.36,41.48 1 1
github.com/treivax/tsd/rete/evaluator.go:42.29,43.41 1 0
github.com/treivax/tsd/rete/evaluator.go:44.33,45.30 1 1
github.com/treivax/tsd/rete/evaluator.go:46.10,47.72 1 1
github.com/treivax/tsd/rete/evaluator.go:52.100,54.9 2 1
github.com/treivax/tsd/rete/evaluator.go:54.9,56.3 1 0
github.com/treivax/tsd/rete/evaluator.go:58.2,58.18 1 1
github.com/treivax/tsd/rete/evaluator.go:59.25,60.44 1 1
github.com/treivax/tsd/rete/evaluator.go:61.27,62.46 1 1
github.com/treivax/tsd/rete/evaluator.go:63.20,64.39 1 1
github.com/treivax/tsd/rete/evaluator.go:65.24,67.10 2 1
github.com/treivax/tsd/rete/evaluator.go:67.10,69.4 1 0
github.com/treivax/tsd/rete/evaluator.go:70.3,70.20 1 1
github.com/treivax/tsd/rete/evaluator.go:71.10,72.76 1 1
github.com/treivax/tsd/rete/evaluator.go:77.104,79.16 2 1
github.com/treivax/tsd/rete/evaluator.go:79.16,81.3 1 0
github.com/treivax/tsd/rete/evaluator.go:83.2,84.16 2 1
github.com/treivax/tsd/rete/evaluator.go:84.16,86.3 1 0
github.com/treivax/tsd/rete/evaluator.go:88.2,88.50 1 1
github.com/treivax/tsd/rete/evaluator.go:92.105,94.9 2 1
github.com/treivax/tsd/rete/evaluator.go:94.9,96.3 1 0
github.com/treivax/tsd/rete/evaluator.go:98.2,99.16 2 1
github.com/treivax/tsd/rete/evaluator.go:99.16,101.3 1 1
github.com/treivax/tsd/rete/evaluator.go:103.2,104.16 2 1
github.com/treivax/tsd/rete/evaluator.go:104.16,106.3 1 0
github.com/treivax/tsd/rete/evaluator.go:108.2,108.47 1 1
github.com/treivax/tsd/rete/evaluator.go:112.110,114.16 2 1
github.com/treivax/tsd/rete/evaluator.go:114.16,116.3 1 0
github.com/treivax/tsd/rete/evaluator.go:118.2,119.37 2 1
github.com/treivax/tsd/rete/evaluator.go:119.37,121.17 2 1
github.com/treivax/tsd/rete/evaluator.go:121.17,123.4 1 0
github.com/treivax/tsd/rete/evaluator.go:125.3,125.16 1 1
github.com/treivax/tsd/rete/evaluator.go:126.14,127.34 1 1
github.com/treivax/tsd/rete/evaluator.go:128.13,129.34 1 1
github.com/treivax/tsd/rete/evaluator.go:130.11,131.75 1 1
github.com/treivax/tsd/rete/evaluator.go:135.2,135.20 1 1
github.com/treivax/tsd/rete/evaluator.go:139.107,141.16 2 1
github.com/treivax/tsd/rete/evaluator.go:141.16,143.3 1 0
github.com/treivax/tsd/rete/evaluator.go:145.2,146.9 2 1
github.com/treivax/tsd/rete/evaluator.go:146.9,148.3 1 0
github.com/treivax/tsd/rete/evaluator.go:150.2,151.41 2 1
github.com/treivax/tsd/rete/evaluator.go:151.41,153.10 2 1
github.com/treivax/tsd/rete/evaluator.go:153.10,154.12 1 0
github.com/treivax/tsd/rete/evaluator.go:157.3,158.10 2 1
github.com/treivax/tsd/rete/evaluator.go:158.10,159.12 1 0
github.com/treivax/tsd/rete/evaluator.go:162.3,163.17 2 1
github.com/treivax/tsd/rete/evaluator.go:163.17,165.4 1 0
github.com/treivax/tsd/rete/evaluator.go:167.3,167.19 1 1
github.com/treivax/tsd/rete/evaluator.go:168.14,169.34 1 1
github.com/treivax/tsd/rete/evaluator.go:170.13,171.34 1 1
github.com/treivax/tsd/rete/evaluator.go:172.11,173.78 1 0
github.com/treivax/tsd/rete/evaluator.go:177.2,177.20 1 1
github.com/treivax/tsd/rete/evaluator.go:181.102,183.16 2 1
github.com/treivax/tsd/rete/evaluator.go:183.16,185.3 1 0
github.com/treivax/tsd/rete/evaluator.go:187.2,188.16 2 1
github.com/treivax/tsd/rete/evaluator.go:188.16,190.3 1 0
github.com/treivax/tsd/rete/evaluator.go:192.2,192.58 1 1
github.com/treivax/tsd/rete/evaluator.go:196.100,198.9 2 1
github.com/treivax/tsd/rete/evaluator.go:198.9,200.3 1 1
github.com/treivax/tsd/rete/evaluator.go:202.2,203.16 2 1
github.com/treivax/tsd/rete/evaluator.go:203.16,205.3 1 0
github.com/treivax/tsd/rete/evaluator.go:207.2,208.16 2 1
github.com/treivax/tsd/rete/evaluator.go:208.16,210.3 1 0
github.com/treivax/tsd/rete/evaluator.go:212.2,212.47 1 1
github.com/treivax/tsd/rete/evaluator.go:216.89,217.29 1 1
github.com/treivax/tsd/rete/evaluator.go:218.30,219.37 1 1
github.com/treivax/tsd/rete/evaluator.go:220.30,221.36 1 0
github.com/treivax/tsd/rete/evaluator.go:222.27,223.33 1 0
github.com/treivax/tsd/rete/evaluator.go:224.32,225.24 1 0
github.com/treivax/tsd/rete/evaluator.go:226.32,227.24 1 0
github.com/treivax/tsd/rete/evaluator.go:228.33,229.24 1 0
github.com/treivax/tsd/rete/evaluator.go:230.14,231.18 1 1
github.com/treivax/tsd/rete/evaluator.go:232.25,233.18 1 1
github.com/treivax/tsd/rete/evaluator.go:234.24,235.18 1 1
github.com/treivax/tsd/rete/evaluator.go:236.12,237.18 1 1
github.com/treivax/tsd/rete/evaluator.go:238.10,239.68 1 1
github.com/treivax/tsd/rete/evaluator.go:244.105,246.9 2 1
github.com/treivax/tsd/rete/evaluator.go:246.9,248.3 1 0
github.com/treivax/tsd/rete/evaluator.go:250.2,250.17 1 1
github.com/treivax/tsd/rete/evaluator.go:251.21,253.10 2 1
github.com/treivax/tsd/rete/evaluator.go:253.10,255.4 1 0
github.com/treivax/tsd/rete/evaluator.go:256.3,257.10 2 1
github.com/treivax/tsd/rete/evaluator.go:257.10,259.4 1 0
github.com/treivax/tsd/rete/evaluator.go:260.3,260.52 1 1
github.com/treivax/tsd/rete/evaluator.go:262.18,264.10 2 1
github.com/treivax/tsd/rete/evaluator.go:264.10,266.4 1 0
github.com/treivax/tsd/rete/evaluator.go:267.3,267.40 1 1
github.com/treivax/tsd/rete/evaluator.go:269.23,271.10 2 1
github.com/treivax/tsd/rete/evaluator.go:271.10,273.4 1 0
github.com/treivax/tsd/rete/evaluator.go:274.3,274.20 1 1
github.com/treivax/tsd/rete/evaluator.go:276.23,278.10 2 1
github.com/treivax/tsd/rete/evaluator.go:278.10,280.4 1 0
github.com/treivax/tsd/rete/evaluator.go:281.3,281.20 1 1
github.com/treivax/tsd/rete/evaluator.go:283.24,285.10 2 1
github.com/treivax/tsd/rete/evaluator.go:285.10,287.4 1 0
github.com/treivax/tsd/rete/evaluator.go:288.3,288.20 1 1
github.com/treivax/tsd/rete/evaluator.go:290.10,291.70 1 1
github.com/treivax/tsd/rete/evaluator.go:296.103,298.2 1 1
github.com/treivax/tsd/rete/evaluator.go:301.104,303.13 2 1
github.com/treivax/tsd/rete/evaluator.go:303.13,305.3 1 1
github.com/treivax/tsd/rete/evaluator.go:307.2,308.13 2 1
github.com/treivax/tsd/rete/evaluator.go:308.13,310.3 1 1
github.com/treivax/tsd/rete/evaluator.go:312.2,312.19 1 1
github.com/treivax/tsd/rete/evaluator.go:316.103,318.2 1 1
github.com/treivax/tsd/rete/evaluator.go:321.92,323.13 2 1
github.com/treivax/tsd/rete/evaluator.go:323.13,325.3 1 1
github.com/treivax/tsd/rete/evaluator.go:328.2,328.18 1 1
github.com/treivax/tsd/rete/evaluator.go:332.117,337.18 3 1
github.com/treivax/tsd/rete/evaluator.go:338.17,339.44 1 1
github.com/treivax/tsd/rete/evaluator.go:340.18,341.45 1 1
github.com/treivax/tsd/rete/evaluator.go:342.11,343.37 1 1
github.com/treivax/tsd/rete/evaluator.go:344.12,347.28 3 1
github.com/treivax/tsd/rete/evaluator.go:348.11,349.40 1 1
github.com/treivax/tsd/rete/evaluator.go:350.12,353.31 3 1
github.com/treivax/tsd/rete/evaluator.go:354.10,355.69 1 1
github.com/treivax/tsd/rete/evaluator.go:360.81,361.27 1 1
github.com/treivax/tsd/rete/evaluator.go:362.11,363.20 1 1
github.com/treivax/tsd/rete/evaluator.go:364.13,365.20 1 1
github.com/treivax/tsd/rete/evaluator.go:366.13,367.20 1 1
github.com/treivax/tsd/rete/evaluator.go:368.15,369.20 1 1
github.com/treivax/tsd/rete/evaluator.go:370.10,371.15 1 1
github.com/treivax/tsd/rete/evaluator.go:376.74,378.2 1 1
github.com/treivax/tsd/rete/evaluator.go:381.81,382.32 1 1
github.com/treivax/tsd/rete/evaluator.go:383.15,384.42 1 1
github.com/treivax/tsd/rete/evaluator.go:384.42,386.4 1 1
github.com/treivax/tsd/rete/evaluator.go:387.14,388.41 1 1
github.com/treivax/tsd/rete/evaluator.go:388.41,390.4 1 1
github.com/treivax/tsd/rete/evaluator.go:392.2,392.76 1 1
github.com/treivax/tsd/rete/evaluator.go:396.84,397.32 1 1
github.com/treivax/tsd/rete/evaluator.go:398.15,399.42 1 1
github.com/treivax/tsd/rete/evaluator.go:399.42,401.4 1 1
github.com/treivax/tsd/rete/evaluator.go:402.14,403.41 1 1
github.com/treivax/tsd/rete/evaluator.go:403.41,405.4 1 1
github.com/treivax/tsd/rete/evaluator.go:407.2,407.76 1 1
github.com/treivax/tsd/rete/evaluator.go:411.51,413.2 1 1
github.com/treivax/tsd/rete/evaluator.go:416.66,418.2 1 1
github.com/treivax/tsd/rete/network.go:18.51,29.2 2 1
github.com/treivax/tsd/rete/network.go:32.53,37.2 2 1
github.com/treivax/tsd/rete/network.go:40.60,48.40 4 1
github.com/treivax/tsd/rete/network.go:48.40,53.3 4 1
github.com/treivax/tsd/rete/network.go:56.2,56.43 1 1
github.com/treivax/tsd/rete/network.go:56.43,62.17 4 1
github.com/treivax/tsd/rete/network.go:62.17,64.4 1 0
github.com/treivax/tsd/rete/network.go:67.3,71.40 3 1
github.com/treivax/tsd/rete/network.go:71.40,74.4 2 1
github.com/treivax/tsd/rete/network.go:77.2,82.12 5 1
github.com/treivax/tsd/rete/network.go:86.95,90.46 2 1
github.com/treivax/tsd/rete/network.go:90.46,92.14 2 1
github.com/treivax/tsd/rete/network.go:92.14,94.4 1 0
github.com/treivax/tsd/rete/network.go:97.3,105.94 6 1
github.com/treivax/tsd/rete/network.go:108.2,108.24 1 1
github.com/treivax/tsd/rete/network.go:112.77,118.40 3 1
github.com/treivax/tsd/rete/network.go:118.40,120.3 1 1
github.com/treivax/tsd/rete/network.go:121.2,121.42 1 1
github.com/treivax/tsd/rete/network.go:121.42,123.3 1 1
github.com/treivax/tsd/rete/network.go:124.2,124.48 1 1
github.com/treivax/tsd/rete/network.go:124.48,126.3 1 1
github.com/treivax/tsd/rete/network.go:128.2,128.29 1 1
github.com/treivax/tsd/rete/network.go:128.29,130.17 2 1
github.com/treivax/tsd/rete/network.go:130.17,133.4 1 1
github.com/treivax/tsd/rete/network.go:134.3,134.31 1 1
github.com/treivax/tsd/rete/network.go:137.2,137.19 1 1
github.com/treivax/tsd/rete/network.go:141.48,145.47 3 1
github.com/treivax/tsd/rete/network.go:145.47,148.48 2 1
github.com/treivax/tsd/rete/network.go:148.48,149.47 1 1
github.com/treivax/tsd/rete/network.go:149.47,152.56 2 1
github.com/treivax/tsd/rete/network.go:152.56,153.60 1 1
github.com/treivax/tsd/rete/network.go:153.60,155.7 1 1
github.com/treivax/tsd/rete/network.go:160.2,160.18 1 1
github.com/treivax/tsd/rete/rete.go:20.32,22.2 1 1
github.com/treivax/tsd/rete/rete.go:25.63,28.2 2 1
github.com/treivax/tsd/rete/rete.go:46.46,47.21 1 1
github.com/treivax/tsd/rete/rete.go:47.21,49.3 1 0
github.com/treivax/tsd/rete/rete.go:50.2,50.26 1 1
github.com/treivax/tsd/rete/rete.go:54.52,56.2 1 1
github.com/treivax/tsd/rete/rete.go:59.45,61.32 2 1
github.com/treivax/tsd/rete/rete.go:61.32,63.3 1 1
github.com/treivax/tsd/rete/rete.go:64.2,64.14 1 1
github.com/treivax/tsd/rete/rete.go:148.36,150.2 1 1
github.com/treivax/tsd/rete/rete.go:153.38,155.2 1 1
github.com/treivax/tsd/rete/rete.go:158.48,162.2 3 1
github.com/treivax/tsd/rete/rete.go:165.42,169.2 3 1
github.com/treivax/tsd/rete/rete.go:172.42,176.2 3 1
github.com/treivax/tsd/rete/rete.go:179.73,180.41 1 1
github.com/treivax/tsd/rete/rete.go:180.41,181.18 1 1
github.com/treivax/tsd/rete/rete.go:181.18,182.52 1 1
github.com/treivax/tsd/rete/rete.go:182.52,184.5 1 0
github.com/treivax/tsd/rete/rete.go:186.3,186.19 1 1
github.com/treivax/tsd/rete/rete.go:186.19,187.52 1 1
github.com/treivax/tsd/rete/rete.go:187.52,189.5 1 0
github.com/treivax/tsd/rete/rete.go:192.2,192.12 1 1
github.com/treivax/tsd/rete/rete.go:196.40,197.23 1 1
github.com/treivax/tsd/rete/rete.go:197.23,199.3 1 1
github.com/treivax/tsd/rete/rete.go:200.2,200.12 1 0
github.com/treivax/tsd/rete/rete.go:211.45,221.2 1 1
github.com/treivax/tsd/rete/rete.go:224.54,226.2 1 1
github.com/treivax/tsd/rete/rete.go:229.53,241.2 4 1
github.com/treivax/tsd/rete/rete.go:253.86,265.2 1 1
github.com/treivax/tsd/rete/rete.go:268.54,270.2 1 1
github.com/treivax/tsd/rete/rete.go:273.53,275.30 1 1
github.com/treivax/tsd/rete/rete.go:275.30,277.3 1 0
github.com/treivax/tsd/rete/rete.go:283.2,283.46 1 1
github.com/treivax/tsd/rete/rete.go:283.46,285.3 1 1
github.com/treivax/tsd/rete/rete.go:287.2,294.42 4 1
github.com/treivax/tsd/rete/rete.go:298.52,299.49 1 1
github.com/treivax/tsd/rete/rete.go:299.49,301.14 2 1
github.com/treivax/tsd/rete/rete.go:301.14,303.4 1 1
github.com/treivax/tsd/rete/rete.go:306.3,306.41 1 1
github.com/treivax/tsd/rete/rete.go:306.41,308.4 1 0
github.com/treivax/tsd/rete/rete.go:310.2,310.12 1 1
github.com/treivax/tsd/rete/rete.go:314.78,315.22 1 1
github.com/treivax/tsd/rete/rete.go:316.16,318.12 2 1
github.com/treivax/tsd/rete/rete.go:319.16,320.23 1 1
github.com/treivax/tsd/rete/rete.go:321.44,322.15 1 1
github.com/treivax/tsd/rete/rete.go:324.3,324.15 1 0
github.com/treivax/tsd/rete/rete.go:325.14,327.12 2 1
github.com/treivax/tsd/rete/rete.go:328.10,329.15 1 0
github.com/treivax/tsd/rete/rete.go:343.106,355.2 1 1
github.com/treivax/tsd/rete/rete.go:358.55,360.2 1 1
github.com/treivax/tsd/rete/rete.go:363.54,368.25 1 1
github.com/treivax/tsd/rete/rete.go:368.25,371.17 3 1
github.com/treivax/tsd/rete/rete.go:371.17,373.4 1 0
github.com/treivax/tsd/rete/rete.go:376.3,376.14 1 1
github.com/treivax/tsd/rete/rete.go:376.14,380.4 1 1
github.com/treivax/tsd/rete/rete.go:386.2,399.43 5 1
github.com/treivax/tsd/rete/rete.go:411.84,422.2 1 1
github.com/treivax/tsd/rete/rete.go:425.58,431.29 2 1
github.com/treivax/tsd/rete/rete.go:431.29,433.3 1 0
github.com/treivax/tsd/rete/rete.go:434.2,440.32 3 1
github.com/treivax/tsd/rete/rete.go:444.57,446.2 1 1
github.com/treivax/tsd/rete/rete.go:449.59,450.22 1 1
github.com/treivax/tsd/rete/rete.go:450.22,452.3 1 0
github.com/treivax/tsd/rete/rete.go:465.2,465.12 1 1
github.com/treivax/tsd/rete/storage.go:16.40,20.2 1 1
github.com/treivax/tsd/rete/storage.go:23.81,29.16 4 1
github.com/treivax/tsd/rete/storage.go:29.16,31.3 1 0
github.com/treivax/tsd/rete/storage.go:33.2,35.16 3 1
github.com/treivax/tsd/rete/storage.go:35.16,37.3 1 0
github.com/treivax/tsd/rete/storage.go:39.2,40.12 2 1
github.com/treivax/tsd/rete/storage.go:44.76,49.13 4 1
github.com/treivax/tsd/rete/storage.go:49.13,51.3 1 1
github.com/treivax/tsd/rete/storage.go:54.2,55.16 2 1
github.com/treivax/tsd/rete/storage.go:55.16,57.3 1 0
github.com/treivax/tsd/rete/storage.go:59.2,61.16 3 1
github.com/treivax/tsd/rete/storage.go:61.16,63.3 1 0
github.com/treivax/tsd/rete/storage.go:65.2,65.25 1 1
github.com/treivax/tsd/rete/storage.go:69.60,74.2 4 1
github.com/treivax/tsd/rete/storage.go:77.56,82.34 4 1
github.com/treivax/tsd/rete/storage.go:82.34,84.3 1 1
github.com/treivax/tsd/rete/storage.go:85.2,85.19 1 1
